; ModuleID = 'aria_module'
source_filename = "aria_module"

declare void @puts(ptr)

declare void @print(ptr)

define internal void @__aria_module_init() {
entry:
  %0 = call ptr @get_current_thread_nursery()
  %1 = call ptr @aria_gc_alloc(ptr %0, i64 1)
  %i = alloca ptr, align 8
  store ptr %1, ptr %i, align 8
  %2 = load ptr, ptr %i, align 8
  store i64 9, ptr %2, align 4
  %3 = call ptr @get_current_thread_nursery.1()
  %4 = call ptr @aria_gc_alloc.2(ptr %3, i64 4)
  %value = alloca ptr, align 8
  store ptr %4, ptr %value, align 8
  %5 = load ptr, ptr %value, align 8
  store i64 42, ptr %5, align 4
  ret void
}

declare ptr @get_current_thread_nursery()

declare ptr @aria_gc_alloc(ptr, i64)

declare ptr @get_current_thread_nursery.1()

declare ptr @aria_gc_alloc.2(ptr, i64)

define i32 @add(i32 %a, i32 %b) {
entry:
  %a1 = alloca i32, align 4
  store i32 %a, ptr %a1, align 4
  %b2 = alloca i32, align 4
  store i32 %b, ptr %b2, align 4
  %0 = load i32, ptr %a1, align 4
  %1 = load i32, ptr %b2, align 4
  %addtmp = add i32 %0, %1
  ret i32 %addtmp
}

define i32 @calculate(i32 %x) {
entry:
  %x1 = alloca i32, align 4
  store i32 %x, ptr %x1, align 4
  %0 = call ptr @get_current_thread_nursery.3()
  %1 = call ptr @aria_gc_alloc.4(ptr %0, i64 4)
  %doubled = alloca ptr, align 8
  store ptr %1, ptr %doubled, align 8
  %2 = load i32, ptr %x1, align 4
  %3 = load i32, ptr %x1, align 4
  %addtmp = add i32 %2, %3
  %4 = load ptr, ptr %doubled, align 8
  store i32 %addtmp, ptr %4, align 4
  %5 = call ptr @get_current_thread_nursery.5()
  %6 = call ptr @aria_gc_alloc.6(ptr %5, i64 4)
  %result = alloca ptr, align 8
  store ptr %6, ptr %result, align 8
  %7 = load ptr, ptr %doubled, align 8
  %addtmp2 = add ptr %7, i64 10
  %8 = load ptr, ptr %result, align 8
  store ptr %addtmp2, ptr %8, align 8
  %9 = load ptr, ptr %result, align 8
  ret ptr %9
}

declare ptr @get_current_thread_nursery.3()

declare ptr @aria_gc_alloc.4(ptr, i64)

declare ptr @get_current_thread_nursery.5()

declare ptr @aria_gc_alloc.6(ptr, i64)

define i32 @__user_main() {
entry:
  %0 = call ptr @get_current_thread_nursery.7()
  %1 = call ptr @aria_gc_alloc.8(ptr %0, i64 4)
  %num1 = alloca ptr, align 8
  store ptr %1, ptr %num1, align 8
  %2 = load ptr, ptr %num1, align 8
  store i64 42, ptr %2, align 4
  %3 = call ptr @get_current_thread_nursery.9()
  %4 = call ptr @aria_gc_alloc.10(ptr %3, i64 4)
  %num2 = alloca ptr, align 8
  store ptr %4, ptr %num2, align 8
  %5 = load ptr, ptr %num2, align 8
  store i64 10, ptr %5, align 4
  %6 = call ptr @get_current_thread_nursery.11()
  %7 = call ptr @aria_gc_alloc.12(ptr %6, i64 4)
  %sum = alloca ptr, align 8
  store ptr %7, ptr %sum, align 8
  %8 = load ptr, ptr %num1, align 8
  %9 = load ptr, ptr %num2, align 8
  %calltmp = call i32 @add(ptr %8, ptr %9)
  %10 = load ptr, ptr %sum, align 8
  store i32 %calltmp, ptr %10, align 4
  %11 = call ptr @get_current_thread_nursery.13()
  %12 = call ptr @aria_gc_alloc.14(ptr %11, i64 4)
  %calc = alloca ptr, align 8
  store ptr %12, ptr %calc, align 8
  %13 = load ptr, ptr %sum, align 8
  %calltmp1 = call i32 @calculate(ptr %13)
  %14 = load ptr, ptr %calc, align 8
  store i32 %calltmp1, ptr %14, align 4
  %15 = load ptr, ptr %calc, align 8
  ret ptr %15
}

declare ptr @get_current_thread_nursery.7()

declare ptr @aria_gc_alloc.8(ptr, i64)

declare ptr @get_current_thread_nursery.9()

declare ptr @aria_gc_alloc.10(ptr, i64)

declare ptr @get_current_thread_nursery.11()

declare ptr @aria_gc_alloc.12(ptr, i64)

declare ptr @get_current_thread_nursery.13()

declare ptr @aria_gc_alloc.14(ptr, i64)

define i64 @main() {
entry:
  call void @__aria_module_init()
  %0 = call i32 @__user_main()
  %1 = sext i32 %0 to i64
  ret i64 %1
}
