; ModuleID = 'aria_module'
source_filename = "aria_module"

%result_int32 = type { i8, i32 }

declare void @puts(ptr)

declare void @print(ptr)

define internal void @__aria_module_init() {
entry:
  ret void
}

define internal %result_int32 @__user_main() {
entry:
  %m3 = alloca ptr, align 8
  %m2 = alloca ptr, align 8
  %mixed = alloca <4 x float>, align 16
  %computed = alloca <4 x float>, align 16
  %quad = alloca <4 x i32>, align 16
  %coords = alloca <4 x i32>, align 16
  %indices = alloca <2 x i32>, align 8
  %rgba = alloca <4 x float>, align 16
  %rgb = alloca <4 x float>, align 16
  %pos = alloca <2 x float>, align 8
  %zeros = alloca <4 x i32>, align 16
  %half = alloca <4 x float>, align 16
  %white = alloca <4 x float>, align 16
  %v3 = alloca <4 x float>, align 16
  %v2 = alloca <4 x float>, align 16
  %v1 = alloca <2 x float>, align 8
  %auto_wrap_result = alloca %result_int32, align 8
  %err_ptr = getelementptr inbounds %result_int32, ptr %auto_wrap_result, i32 0, i32 0
  store i8 0, ptr %err_ptr, align 1
  %val_ptr = getelementptr inbounds %result_int32, ptr %auto_wrap_result, i32 0, i32 1
  store i32 0, ptr %val_ptr, align 4
  %result_val = load %result_int32, ptr %auto_wrap_result, align 4
  ret %result_int32 %result_val
}

define i64 @main() {
entry:
  call void @aria_scheduler_init(i32 0)
  call void @__aria_module_init()
  %0 = call %result_int32 @__user_main()
  ret i64 0
}

declare void @aria_scheduler_init(i32)
